<?xml version="1.0" encoding="UTF-8"?>
<testng-results ignored="0" total="2" passed="2" failed="0" skipped="0">
  <reporter-output>
  </reporter-output>
  <suite started-at="2026-03-23T14:14:14 IST" name="Default suite" finished-at="2026-03-23T14:14:21 IST" duration-ms="7222">
    <groups>
    </groups>
    <test started-at="2026-03-23T14:14:14 IST" name="Default test" finished-at="2026-03-23T14:14:21 IST" duration-ms="7222">
      <class name="test1.UserApiTest">
        <test-method is-config="true" signature="setup()[pri:0, instance:test1.UserApiTest@6b0d80ed]" started-at="2026-03-23T14:14:14 IST" name="setup" finished-at="2026-03-23T14:14:16 IST" duration-ms="1320" status="PASS">
          <reporter-output>
          </reporter-output>
        </test-method> <!-- setup -->
        <test-method signature="getSingleUser()[pri:0, instance:test1.UserApiTest@6b0d80ed]" started-at="2026-03-23T14:14:16 IST" name="getSingleUser" finished-at="2026-03-23T14:14:20 IST" duration-ms="4828" status="PASS">
          <reporter-output>
          </reporter-output>
        </test-method> <!-- getSingleUser -->
        <test-method signature="getUsers()[pri:0, instance:test1.UserApiTest@6b0d80ed]" started-at="2026-03-23T14:14:20 IST" name="getUsers" finished-at="2026-03-23T14:14:21 IST" duration-ms="945" status="PASS">
          <reporter-output>
          </reporter-output>
        </test-method> <!-- getUsers -->
      </class> <!-- test1.UserApiTest -->
    </test> <!-- Default test -->
  </suite> <!-- Default suite -->
</testng-results>
