<?xml version="1.0" encoding="UTF-8"?>
<!-- Generated by org.testng.reporters.JUnitReportReporter -->
<testsuite hostname="DESKTOP-8E6QML9" failures="0" tests="6" name="tests.UserApiTest" time="7.260" errors="0" timestamp="2026-03-19T15:49:16 IST" skipped="0">
  <testcase classname="tests.UserApiTest" name="getSingleUser" time="0.516"/>
  <testcase classname="tests.UserApiTest" name="getUsers" time="0.644"/>
  <testcase classname="tests.UserApiTest" name="getProducts" time="0.784"/>
  <testcase classname="tests.UserApiTest" name="getCartInformation" time="0.855"/>
  <testcase classname="tests.UserApiTest" name="updateUser" time="0.504"/>
  <testcase classname="tests.UserApiTest" name="addNewUser" time="3.957"/>
</testsuite> <!-- tests.UserApiTest -->
